<?xml version="1.0" encoding="UTF-8" ?>
<testsuite tests="34" failures="0" name="TestImportedGraph" time="1.223" errors="0" skipped="0">
  <properties>
    <property name="java.runtime.name" value="Java(TM) SE Runtime Environment"/>
    <property name="java.vm.version" value="20.0.2+9-78"/>
    <property name="sun.boot.library.path" value="C:\Program Files\Java\jdk-20\bin"/>
    <property name="maven.multiModuleProjectDirectory" value="C:\Users\krisj\OneDrive\Documents\GitHub\-CSE-464-2023---kdjarme-asu.edu\CSE-464-CourseProject"/>
    <property name="java.vm.vendor" value="Oracle Corporation"/>
    <property name="java.vendor.url" value="https://java.oracle.com/"/>
    <property name="guice.disable.misplaced.annotation.check" value="true"/>
    <property name="path.separator" value=";"/>
    <property name="java.vm.name" value="Java HotSpot(TM) 64-Bit Server VM"/>
    <property name="sun.os.patch.level" value=""/>
    <property name="user.script" value=""/>
    <property name="user.country" value="US"/>
    <property name="sun.java.launcher" value="SUN_STANDARD"/>
    <property name="java.vm.specification.name" value="Java Virtual Machine Specification"/>
    <property name="user.dir" value="C:\Users\krisj\OneDrive\Documents\GitHub\-CSE-464-2023---kdjarme-asu.edu\CSE-464-CourseProject"/>
    <property name="java.vm.compressedOopsMode" value="32-bit"/>
    <property name="java.runtime.version" value="20.0.2+9-78"/>
    <property name="os.arch" value="amd64"/>
    <property name="java.io.tmpdir" value="C:\Users\krisj\AppData\Local\Temp\"/>
    <property name="line.separator" value="
"/>
    <property name="java.vm.specification.vendor" value="Oracle Corporation"/>
    <property name="user.variant" value=""/>
    <property name="stderr.encoding" value="cp437"/>
    <property name="os.name" value="Windows 10"/>
    <property name="classworlds.conf" value="C:\Program Files\Maven\apache-maven-3.8.6\bin\m2.conf"/>
    <property name="sun.jnu.encoding" value="Cp1252"/>
    <property name="stdout.encoding" value="cp437"/>
    <property name="java.library.path" value="C:\Program Files\Java\jdk-20\bin;C:\WINDOWS\Sun\Java\bin;C:\WINDOWS\system32;C:\WINDOWS;C:\Program Files\Common Files\Oracle\Java\javapath;C:\Program Files (x86)\NVIDIA Corporation\PhysX\Common;C:\WINDOWS\system32;C:\WINDOWS;C:\WINDOWS\System32\Wbem;C:\WINDOWS\System32\WindowsPowerShell\v1.0\;C:\WINDOWS\System32\OpenSSH\;C:\Program Files (x86)\Intel\Intel(R) Management Engine Components\DAL;C:\Program Files\Intel\Intel(R) Management Engine Components\DAL;C:\Program Files\MATLAB\R2020a\bin;C:\Program Files (x86)\IVI Foundation\VISA\WinNT\Bin;C:\Program Files\dotnet\;C:\Program Files\Git\cmd;C:\Program Files\nodejs\;C:\Program Files\Microsoft SQL Server\150\Tools\Binn\;C:\Program Files\Microsoft SQL Server\Client SDK\ODBC\170\Tools\Binn\;C:\Users\krisj\AppData\Local\Microsoft\WindowsApps;C:\Users\krisj\AppData\Local\GitHubDesktop\bin;C:\iverilog\bin;C:\iverilog\gtkwave\bin;C:\Users\krisj\AppData\Local\Programs\Microsoft VS Code\bin;C:\Program Files\Maven\apache-maven-3.8.6\bin;C:\Program Files\nodejs\;C:\Users\krisj\AppData\Roaming\npm;C:\Users\krisj\.dotnet\tools;C:\Program Files\Graphviz\bin;."/>
    <property name="maven.conf" value="C:\Program Files\Maven\apache-maven-3.8.6/conf"/>
    <property name="jdk.debug" value="release"/>
    <property name="java.class.version" value="64.0"/>
    <property name="java.specification.name" value="Java Platform API Specification"/>
    <property name="sun.management.compiler" value="HotSpot 64-Bit Tiered Compilers"/>
    <property name="os.version" value="10.0"/>
    <property name="library.jansi.path" value="C:\Program Files\Maven\apache-maven-3.8.6\lib\jansi-native"/>
    <property name="user.home" value="C:\Users\krisj"/>
    <property name="user.timezone" value="America/Phoenix"/>
    <property name="file.encoding" value="UTF-8"/>
    <property name="java.specification.version" value="20"/>
    <property name="user.name" value="krisj"/>
    <property name="java.class.path" value="C:\Program Files\Maven\apache-maven-3.8.6\boot\plexus-classworlds-2.6.0.jar"/>
    <property name="java.vm.specification.version" value="20"/>
    <property name="sun.arch.data.model" value="64"/>
    <property name="sun.java.command" value="org.codehaus.plexus.classworlds.launcher.Launcher package"/>
    <property name="java.home" value="C:\Program Files\Java\jdk-20"/>
    <property name="user.language" value="en"/>
    <property name="java.specification.vendor" value="Oracle Corporation"/>
    <property name="java.vm.info" value="mixed mode, sharing"/>
    <property name="java.version" value="20.0.2"/>
    <property name="native.encoding" value="Cp1252"/>
    <property name="java.vendor" value="Oracle Corporation"/>
    <property name="maven.home" value="C:\Program Files\Maven\apache-maven-3.8.6"/>
    <property name="file.separator" value="\"/>
    <property name="java.version.date" value="2023-07-18"/>
    <property name="java.vendor.url.bug" value="https://bugreport.java.com/bugreport/"/>
    <property name="sun.io.unicode.encoding" value="UnicodeLittle"/>
    <property name="sun.cpu.endian" value="little"/>
    <property name="sun.cpu.isalist" value="amd64"/>
  </properties>
  <testcase classname="TestImportedGraph" name="testRemoveEdgeValid" time="0.128"/>
  <testcase classname="TestImportedGraph" name="testRemoveNodeValid" time="0.003"/>
  <testcase classname="TestImportedGraph" name="testRemoveEdgeInValid" time="0.001"/>
  <testcase classname="TestImportedGraph" name="testRemoveNodeInvalid" time="0.005"/>
  <testcase classname="TestImportedGraph" name="testParseGraph" time="0.004"/>
  <testcase classname="TestImportedGraph" name="testOutputDOTGraph" time="0.015"/>
  <testcase classname="TestImportedGraph" name="testOutputGraph" time="0.023"/>
  <testcase classname="TestImportedGraph" name="testDFSMultiplePaths" time="0.013"/>
  <testcase classname="TestImportedGraph" name="testToString" time="0.003"/>
  <testcase classname="TestImportedGraph" name="testOutputGraphicsFalsePath" time="0.003"/>
  <testcase classname="TestImportedGraph" name="testOutputDOTGraphFalse" time="0.003"/>
  <testcase classname="TestImportedGraph" name="testBFSValidOneBranch" time="0.004"/>
  <testcase classname="TestImportedGraph" name="testBFSValidImmediate" time="0.002"/>
  <testcase classname="TestImportedGraph" name="testDFSImmediate" time="0.001"/>
  <testcase classname="TestImportedGraph" name="testAddNodesValid" time="0.003"/>
  <testcase classname="TestImportedGraph" name="testBFSMultiplePaths" time="0.004"/>
  <testcase classname="TestImportedGraph" name="testOutputGraphicsFalseFormat" time="0.002"/>
  <testcase classname="TestImportedGraph" name="testRemoveNodesSemiValid" time="0.002"/>
  <testcase classname="TestImportedGraph" name="testDFSOneValidPath" time="0.005"/>
  <testcase classname="TestImportedGraph" name="testOutputGraphics" time="0.961"/>
  <testcase classname="TestImportedGraph" name="testDFSMiddle" time="0.003"/>
  <testcase classname="TestImportedGraph" name="testDFSNoPath" time="0.002"/>
  <testcase classname="TestImportedGraph" name="testParseGraphFalse" time="0.004"/>
  <testcase classname="TestImportedGraph" name="testAddEdgeValid" time="0.003"/>
  <testcase classname="TestImportedGraph" name="testDFSMiddlePath" time="0.003"/>
  <testcase classname="TestImportedGraph" name="testAddNodesSemiValid" time="0.003"/>
  <testcase classname="TestImportedGraph" name="testOutputGraphFalse" time="0.002"/>
  <testcase classname="TestImportedGraph" name="testDFSStraight" time="0.003"/>
  <testcase classname="TestImportedGraph" name="testBFSValidStriaght" time="0.002"/>
  <testcase classname="TestImportedGraph" name="testAddNodeValid" time="0.004"/>
  <testcase classname="TestImportedGraph" name="testBFSInvalid" time="0.002"/>
  <testcase classname="TestImportedGraph" name="testRemoveNodesValid" time="0.002"/>
  <testcase classname="TestImportedGraph" name="testAddEdgeInValid" time="0.002"/>
  <testcase classname="TestImportedGraph" name="testAddNodeInvalid" time="0.003"/>
</testsuite>